SF:lib\login_form.dart
DA:11,6
DA:13,2
DA:15,2
DA:26,1
DA:28,2
DA:29,2
DA:30,1
DA:33,1
DA:34,3
DA:36,0
DA:39,0
DA:40,0
DA:42,0
DA:43,0
DA:44,0
DA:45,0
DA:49,0
DA:50,0
DA:52,0
DA:53,0
DA:54,0
DA:57,0
DA:65,0
DA:66,0
DA:71,0
DA:75,0
DA:76,0
DA:77,0
DA:79,0
DA:83,0
DA:84,0
DA:86,0
DA:90,0
DA:91,0
DA:92,0
DA:93,0
DA:99,2
DA:101,2
DA:102,2
DA:108,2
DA:110,2
DA:112,2
DA:116,2
DA:118,2
DA:119,2
DA:142,2
DA:144,2
DA:146,2
DA:152,2
DA:153,2
DA:154,2
DA:156,2
DA:158,2
DA:159,2
DA:167,1
DA:168,1
DA:171,2
DA:181,2
DA:182,2
DA:183,2
DA:184,2
DA:188,2
DA:189,2
DA:190,2
DA:192,0
DA:193,0
DA:194,0
DA:200,1
DA:201,1
DA:211,2
DA:213,2
DA:214,4
DA:215,2
DA:218,2
DA:219,2
DA:222,2
DA:244,2
DA:245,2
DA:246,0
DA:248,2
DA:251,2
DA:252,2
LF:82
LH:51
end_of_record
SF:lib\api_config.dart
DA:10,1
DA:11,1
DA:13,0
DA:16,1
DA:21,1
DA:22,1
DA:27,2
LF:7
LH:6
end_of_record
SF:lib\create_task_form.dart
DA:7,5
DA:9,0
DA:10,0
DA:19,0
DA:21,0
DA:22,0
DA:23,0
DA:26,0
DA:27,0
DA:29,0
DA:32,0
DA:33,0
DA:35,0
DA:36,0
DA:37,0
DA:38,0
DA:42,0
DA:43,0
DA:45,0
DA:46,0
DA:52,0
DA:54,0
DA:55,0
DA:56,0
DA:59,0
DA:60,0
DA:62,0
DA:66,0
DA:67,0
DA:68,0
DA:69,0
DA:75,0
DA:77,0
DA:79,0
DA:80,0
DA:84,0
DA:85,0
DA:86,0
DA:87,0
DA:89,0
DA:90,0
DA:97,0
DA:99,0
DA:100,0
DA:101,0
DA:103,0
DA:105,0
DA:106,0
DA:114,0
DA:115,0
DA:118,0
DA:128,0
DA:129,0
DA:139,0
DA:140,0
DA:143,0
DA:153,0
DA:155,0
DA:156,0
DA:157,0
DA:158,0
DA:160,0
DA:161,0
DA:164,0
DA:165,0
DA:192,0
DA:195,0
DA:196,0
DA:197,0
DA:200,0
DA:201,0
DA:204,0
LF:72
LH:1
end_of_record
SF:lib\edit_task_form.dart
DA:8,5
DA:10,0
DA:11,0
DA:24,0
DA:26,0
DA:27,0
DA:28,0
DA:29,0
DA:30,0
DA:33,0
DA:34,0
DA:35,0
DA:39,0
DA:41,0
DA:42,0
DA:43,0
DA:46,0
DA:47,0
DA:49,0
DA:52,0
DA:53,0
DA:55,0
DA:56,0
DA:57,0
DA:58,0
DA:59,0
DA:63,0
DA:64,0
DA:70,0
DA:72,0
DA:75,0
DA:77,0
DA:81,0
DA:82,0
DA:83,0
DA:85,0
DA:88,0
DA:89,0
DA:91,0
DA:94,0
DA:95,0
DA:101,0
DA:103,0
DA:106,0
DA:108,0
DA:112,0
DA:113,0
DA:114,0
DA:115,0
DA:116,0
DA:118,0
DA:119,0
DA:120,0
DA:121,0
DA:124,0
DA:125,0
DA:126,0
DA:135,0
DA:136,0
DA:137,0
DA:138,0
DA:144,0
DA:146,0
DA:147,0
DA:151,0
DA:152,0
DA:153,0
DA:157,0
DA:158,0
DA:159,0
DA:161,0
DA:162,0
DA:169,0
DA:171,0
DA:172,0
DA:173,0
DA:175,0
DA:177,0
DA:178,0
DA:180,0
DA:181,0
DA:182,0
DA:183,0
DA:184,0
DA:188,0
DA:189,0
DA:191,0
DA:192,0
DA:194,0
DA:196,0
DA:197,0
DA:198,0
DA:199,0
DA:206,0
DA:207,0
DA:208,0
DA:209,0
DA:221,0
DA:222,0
DA:230,0
DA:231,0
DA:234,0
DA:244,0
DA:245,0
DA:255,0
DA:256,0
DA:259,0
DA:269,0
DA:271,0
DA:272,0
DA:273,0
DA:274,0
DA:276,0
DA:277,0
DA:280,0
DA:281,0
DA:283,0
DA:291,0
DA:292,0
DA:308,0
DA:309,0
DA:310,0
DA:311,0
DA:312,0
DA:315,0
DA:319,0
DA:320,0
DA:326,0
DA:328,0
DA:329,0
DA:330,0
DA:334,0
DA:335,0
DA:338,0
LF:134
LH:1
end_of_record
SF:lib\tasks_list.dart
DA:12,1
DA:19,1
DA:20,1
DA:21,1
DA:22,1
DA:23,1
DA:24,1
DA:28,2
DA:29,1
DA:30,1
DA:31,1
DA:32,1
DA:39,1
DA:41,1
DA:42,1
DA:52,1
DA:54,1
DA:55,1
DA:58,1
DA:59,1
DA:61,3
DA:64,1
DA:65,2
DA:67,1
DA:69,3
DA:70,1
DA:72,3
DA:73,3
DA:75,2
DA:76,0
DA:77,0
DA:79,0
DA:80,0
DA:81,0
DA:84,3
DA:87,0
DA:88,0
DA:90,1
DA:91,3
DA:96,0
DA:97,0
DA:98,0
DA:99,0
DA:100,0
DA:101,0
DA:103,0
DA:106,1
DA:107,2
DA:108,2
DA:109,3
DA:110,0
DA:111,0
DA:112,1
DA:116,0
DA:118,0
DA:119,0
DA:121,0
DA:122,0
DA:125,0
DA:126,0
DA:127,0
DA:128,0
DA:130,0
DA:132,0
DA:135,0
DA:139,0
DA:140,0
DA:141,0
DA:142,0
DA:144,0
DA:145,0
DA:146,0
DA:147,0
DA:150,0
DA:151,0
DA:158,0
DA:161,0
DA:162,0
DA:164,0
DA:167,0
DA:168,0
DA:169,0
DA:170,0
DA:172,0
DA:174,0
DA:177,0
DA:181,1
DA:182,3
DA:183,1
DA:184,1
DA:191,0
DA:192,0
DA:193,0
DA:194,0
DA:201,1
DA:203,1
DA:204,1
DA:206,1
DA:207,1
DA:209,1
DA:211,1
DA:213,1
DA:217,1
DA:218,1
DA:219,1
DA:221,1
DA:222,1
DA:223,1
DA:226,2
DA:227,0
DA:229,0
DA:230,0
DA:231,0
DA:235,1
DA:236,1
DA:239,1
DA:242,1
DA:243,1
DA:244,1
DA:246,2
DA:247,1
DA:248,0
DA:249,0
DA:250,0
DA:252,0
DA:253,0
DA:259,1
DA:260,1
DA:266,1
DA:267,3
DA:268,3
DA:270,1
DA:272,1
DA:274,1
DA:275,3
DA:276,1
DA:277,1
DA:283,0
DA:284,0
DA:286,0
DA:287,0
DA:288,0
DA:289,0
DA:291,0
DA:292,0
DA:293,0
DA:294,0
DA:297,0
DA:298,0
DA:299,0
DA:300,0
DA:301,0
DA:303,0
DA:314,0
DA:319,1
DA:320,1
DA:321,1
DA:323,1
DA:324,1
DA:325,2
DA:329,1
DA:330,2
DA:335,2
DA:336,1
DA:337,1
DA:345,1
DA:346,2
DA:347,1
DA:348,1
DA:352,0
DA:353,0
DA:354,0
DA:356,0
DA:358,0
DA:361,0
DA:362,0
DA:363,0
DA:365,0
DA:367,0
DA:376,1
DA:382,1
DA:384,1
DA:386,1
DA:387,2
DA:388,1
DA:390,1
DA:391,1
DA:392,1
DA:393,2
DA:394,1
DA:397,1
DA:400,1
DA:401,1
DA:402,2
LF:194
LH:105
end_of_record
SF:lib\register_form.dart
DA:7,6
DA:9,1
DA:11,1
DA:25,1
DA:27,2
DA:28,2
DA:29,2
DA:30,2
DA:31,1
DA:34,1
DA:35,3
DA:37,0
DA:40,0
DA:41,0
DA:43,0
DA:44,0
DA:45,0
DA:46,0
DA:47,0
DA:51,0
DA:52,0
DA:54,0
DA:55,0
DA:63,0
DA:66,0
DA:67,0
DA:68,0
DA:70,0
DA:74,0
DA:75,0
DA:77,0
DA:81,0
DA:82,0
DA:83,0
DA:84,0
DA:90,1
DA:92,1
DA:93,1
DA:99,1
DA:101,1
DA:103,1
DA:118,1
DA:120,1
DA:122,1
DA:129,1
DA:130,1
DA:131,1
DA:133,1
DA:135,1
DA:136,1
DA:144,1
DA:145,2
DA:148,3
DA:158,1
DA:159,1
DA:167,1
DA:168,1
DA:171,2
DA:181,1
DA:182,1
DA:183,1
DA:184,1
DA:188,1
DA:189,1
DA:190,1
DA:192,0
DA:193,0
DA:194,0
DA:200,1
DA:201,1
DA:204,2
DA:214,1
DA:215,1
DA:216,1
DA:217,1
DA:221,1
DA:222,1
DA:223,1
DA:225,0
DA:226,0
DA:227,0
DA:233,1
DA:234,1
DA:237,3
DA:247,1
DA:249,1
DA:250,2
DA:251,1
DA:254,1
DA:255,1
DA:258,1
DA:280,1
DA:281,1
DA:282,0
LF:94
LH:63
end_of_record
SF:lib\main.dart
DA:9,0
DA:12,6
DA:14,1
DA:18,1
DA:20,1
DA:22,1
DA:25,1
DA:26,1
DA:27,0
DA:28,0
DA:30,0
DA:31,0
DA:33,0
DA:34,0
DA:37,0
DA:38,0
DA:39,0
DA:40,0
LF:18
LH:7
end_of_record
SF:lib\register_task_form.dart
DA:6,0
DA:8,0
DA:10,0
DA:24,0
DA:32,0
DA:34,0
DA:35,0
DA:37,0
DA:38,0
DA:39,0
DA:41,0
DA:42,0
DA:43,0
DA:45,0
DA:46,0
DA:57,0
DA:58,0
DA:60,0
DA:61,0
DA:72,0
DA:73,0
DA:81,0
DA:82,0
DA:88,0
DA:89,0
DA:91,0
DA:93,0
DA:95,0
DA:96,0
DA:98,0
DA:99,0
DA:102,0
DA:105,0
DA:106,0
DA:108,0
DA:110,0
DA:112,0
DA:114,0
DA:115,0
LF:39
LH:0
end_of_record
